<?xml version="1.0" encoding="UTF-8"?>
<!-- Generated by org.testng.reporters.JUnitReportReporter -->
<testsuite skipped="0" hostname="DESKTOP-8D17UU8" name="com.eBankingV1.testCases.TC_AddCustomer_003" tests="1" failures="0" timestamp="15 Feb 2021 07:01:45 GMT" time="28.549" errors="0">
  <testcase name="AddcustomerTest" time="28.549" classname="com.eBankingV1.testCases.TC_AddCustomer_003"/>
</testsuite> <!-- com.eBankingV1.testCases.TC_AddCustomer_003 -->
